<?xml version="1.0" encoding="UTF-8"?>
<!-- Generated by org.testng.reporters.JUnitReportReporter -->
<testsuite hostname="MX-COM-C-009" failures="0" tests="1" name="SumValidation" time="1.246" errors="0" timestamp="2025-07-21T13:16:59 IST" skipped="0">
  <testcase classname="SumValidation" name="sumOfCourses" time="1.246"/>
</testsuite> <!-- SumValidation -->
