<?xml version="1.0" encoding="UTF-8"?>
<!-- Generated by org.testng.reporters.JUnitReportReporter -->
<testsuite hostname="MX-COM-C-009" failures="0" tests="1" name="files.DynamicJson" time="3.786" errors="0" timestamp="2025-07-22T17:58:35 IST" skipped="0">
  <testcase classname="files.DynamicJson" name="addBook" time="3.786"/>
</testsuite> <!-- files.DynamicJson -->
